<?xml version="1.0" encoding="UTF-8"?>
<!-- Generated by org.testng.reporters.JUnitXMLReporter -->
<testsuite ignored="0" hostname="AIPL5997LT17468" failures="0" tests="4" name="Default test" time="10.045" errors="0" timestamp="2024-11-25T20:13:15 IST">
  <testcase classname="Pet.PetstoreAPITest2" name="testPostCreatePet" time="3.689"/>
  <testcase classname="Pet.PetstoreAPITest2" name="getPet" time="1.365"/>
  <testcase classname="Pet.PetstoreAPITest2" name="updatePet" time="1.384"/>
  <testcase classname="Pet.PetstoreAPITest2" name="deletePet" time="2.627"/>
</testsuite> <!-- Default test -->
