<?xml version="1.0" encoding="UTF-8"?>
<testng-results ignored="0" total="4" passed="4" failed="0" skipped="0">
  <reporter-output>
  </reporter-output>
  <suite started-at="2024-11-25T20:13:05 IST" name="Default suite" finished-at="2024-11-25T20:13:15 IST" duration-ms="10045">
    <groups>
    </groups>
    <test started-at="2024-11-25T20:13:05 IST" name="Default test" finished-at="2024-11-25T20:13:15 IST" duration-ms="10045">
      <class name="Pet.PetstoreAPITest2">
        <test-method is-config="true" signature="setup()[pri:0, instance:Pet.PetstoreAPITest2@7d4f9aae]" started-at="2024-11-25T20:13:05 IST" name="setup" finished-at="2024-11-25T20:13:06 IST" duration-ms="922" status="PASS">
          <reporter-output>
          </reporter-output>
        </test-method> <!-- setup -->
        <test-method signature="testPostCreatePet()[pri:1, instance:Pet.PetstoreAPITest2@7d4f9aae]" started-at="2024-11-25T20:13:06 IST" name="testPostCreatePet" finished-at="2024-11-25T20:13:09 IST" duration-ms="3689" status="PASS">
          <reporter-output>
          </reporter-output>
        </test-method> <!-- testPostCreatePet -->
        <test-method signature="getPet()[pri:2, instance:Pet.PetstoreAPITest2@7d4f9aae]" started-at="2024-11-25T20:13:09 IST" name="getPet" finished-at="2024-11-25T20:13:11 IST" duration-ms="1365" status="PASS">
          <reporter-output>
          </reporter-output>
        </test-method> <!-- getPet -->
        <test-method signature="updatePet()[pri:3, instance:Pet.PetstoreAPITest2@7d4f9aae]" started-at="2024-11-25T20:13:11 IST" name="updatePet" finished-at="2024-11-25T20:13:12 IST" duration-ms="1384" status="PASS">
          <reporter-output>
          </reporter-output>
        </test-method> <!-- updatePet -->
        <test-method signature="deletePet()[pri:4, instance:Pet.PetstoreAPITest2@7d4f9aae]" started-at="2024-11-25T20:13:12 IST" name="deletePet" finished-at="2024-11-25T20:13:15 IST" duration-ms="2627" status="PASS">
          <reporter-output>
          </reporter-output>
        </test-method> <!-- deletePet -->
      </class> <!-- Pet.PetstoreAPITest2 -->
    </test> <!-- Default test -->
  </suite> <!-- Default suite -->
</testng-results>
